<?xml version="1.0" encoding="UTF-8"?>
<testng-results ignored="0" total="1" passed="1" failed="0" skipped="0">
  <reporter-output>
  </reporter-output>
  <suite started-at="2022-05-31T15:35:08 IST" name="Suite" finished-at="2022-05-31T15:36:19 IST" duration-ms="70956">
    <groups>
    </groups>
    <test started-at="2022-05-31T15:35:08 IST" name="Test" finished-at="2022-05-31T15:36:19 IST" duration-ms="70956">
      <class name="Random_email1">
        <test-method is-config="true" signature="init(java.lang.String,java.lang.String)[pri:0, instance:Random_email1@5e600dd5]" started-at="2022-05-31T15:35:08 IST" name="init" finished-at="2022-05-31T15:35:20 IST" duration-ms="11650" status="PASS">
          <params>
            <param index="0">
              <value>
                <![CDATA[chrome]]>
              </value>
            </param>
            <param index="1">
              <value>
                <![CDATA[http://practice.automationtesting.in/]]>
              </value>
            </param>
          </params>
          <reporter-output>
          </reporter-output>
        </test-method> <!-- init -->
        <test-method signature="homePagevalidation()[pri:0, instance:Random_email1@5e600dd5]" started-at="2022-05-31T15:35:20 IST" name="homePagevalidation" finished-at="2022-05-31T15:36:19 IST" duration-ms="59208" status="PASS">
          <reporter-output>
          </reporter-output>
        </test-method> <!-- homePagevalidation -->
        <test-method is-config="true" signature="quit()[pri:0, instance:Random_email1@5e600dd5]" started-at="2022-05-31T15:36:19 IST" name="quit" finished-at="2022-05-31T15:36:19 IST" duration-ms="1" status="PASS">
          <reporter-output>
          </reporter-output>
        </test-method> <!-- quit -->
      </class> <!-- Random_email1 -->
    </test> <!-- Test -->
  </suite> <!-- Suite -->
</testng-results>
