<?xml version="1.0" encoding="UTF-8"?>
<testng-results ignored="0" total="1" passed="1" failed="0" skipped="0">
  <reporter-output>
  </reporter-output>
  <suite started-at="2022-05-31T15:18:46 IST" name="Suite" finished-at="2022-05-31T15:19:59 IST" duration-ms="72670">
    <groups>
    </groups>
    <test started-at="2022-05-31T15:18:46 IST" name="Test" finished-at="2022-05-31T15:19:59 IST" duration-ms="72670">
      <class name="RegisterHome">
        <test-method is-config="true" signature="init(java.lang.String,java.lang.String)[pri:0, instance:RegisterHome@5e600dd5]" started-at="2022-05-31T15:18:46 IST" name="init" finished-at="2022-05-31T15:18:58 IST" duration-ms="12079" status="PASS">
          <params>
            <param index="0">
              <value>
                <![CDATA[chrome]]>
              </value>
            </param>
            <param index="1">
              <value>
                <![CDATA[http://practice.automationtesting.in/]]>
              </value>
            </param>
          </params>
          <reporter-output>
          </reporter-output>
        </test-method> <!-- init -->
        <test-method signature="homePagevalidation()[pri:0, instance:RegisterHome@5e600dd5]" started-at="2022-05-31T15:18:58 IST" name="homePagevalidation" finished-at="2022-05-31T15:19:59 IST" duration-ms="60467" status="PASS">
          <reporter-output>
          </reporter-output>
        </test-method> <!-- homePagevalidation -->
        <test-method is-config="true" signature="quit()[pri:0, instance:RegisterHome@5e600dd5]" started-at="2022-05-31T15:19:59 IST" name="quit" finished-at="2022-05-31T15:19:59 IST" duration-ms="2" status="PASS">
          <reporter-output>
          </reporter-output>
        </test-method> <!-- quit -->
      </class> <!-- RegisterHome -->
    </test> <!-- Test -->
  </suite> <!-- Suite -->
</testng-results>
