<?xml version="1.0" encoding="UTF-8"?>
<testng-results ignored="0" total="1" passed="1" failed="0" skipped="0">
  <reporter-output>
  </reporter-output>
  <suite started-at="2022-05-31T15:22:54 IST" name="Suite" finished-at="2022-05-31T15:23:46 IST" duration-ms="51802">
    <groups>
    </groups>
    <test started-at="2022-05-31T15:22:54 IST" name="Test" finished-at="2022-05-31T15:23:46 IST" duration-ms="51802">
      <class name="Upload_file_Home">
        <test-method is-config="true" signature="init(java.lang.String,java.lang.String)[pri:0, instance:Upload_file_Home@51c668e3]" started-at="2022-05-31T15:22:54 IST" name="init" finished-at="2022-05-31T15:23:09 IST" duration-ms="15050" status="PASS">
          <params>
            <param index="0">
              <value>
                <![CDATA[chrome]]>
              </value>
            </param>
            <param index="1">
              <value>
                <![CDATA[http://automationpractice.com/index.php]]>
              </value>
            </param>
          </params>
          <reporter-output>
          </reporter-output>
        </test-method> <!-- init -->
        <test-method signature="homePagevalidation()[pri:0, instance:Upload_file_Home@51c668e3]" started-at="2022-05-31T15:23:09 IST" name="homePagevalidation" finished-at="2022-05-31T15:23:46 IST" duration-ms="36672" status="PASS">
          <reporter-output>
          </reporter-output>
        </test-method> <!-- homePagevalidation -->
        <test-method is-config="true" signature="quit()[pri:0, instance:Upload_file_Home@51c668e3]" started-at="2022-05-31T15:23:46 IST" name="quit" finished-at="2022-05-31T15:23:46 IST" duration-ms="2" status="PASS">
          <reporter-output>
          </reporter-output>
        </test-method> <!-- quit -->
      </class> <!-- Upload_file_Home -->
    </test> <!-- Test -->
  </suite> <!-- Suite -->
</testng-results>
