<?xml version="1.0" encoding="UTF-8"?>
<testng-results ignored="0" total="1" passed="1" failed="0" skipped="0">
  <reporter-output>
  </reporter-output>
  <suite started-at="2022-05-31T15:15:56 IST" name="Suite" finished-at="2022-05-31T15:16:50 IST" duration-ms="54259">
    <groups>
    </groups>
    <test started-at="2022-05-31T15:15:56 IST" name="Test" finished-at="2022-05-31T15:16:50 IST" duration-ms="54259">
      <class name="ANZ_HOME1">
        <test-method is-config="true" signature="init(java.lang.String,java.lang.String)[pri:0, instance:ANZ_HOME1@51c668e3]" started-at="2022-05-31T15:15:56 IST" name="init" finished-at="2022-05-31T15:16:07 IST" duration-ms="10757" status="PASS">
          <params>
            <param index="0">
              <value>
                <![CDATA[chrome]]>
              </value>
            </param>
            <param index="1">
              <value>
                <![CDATA[https://www.anz.com.au/personal/home-loans/calculators-tools/much-borrow/ ]]>
              </value>
            </param>
          </params>
          <reporter-output>
          </reporter-output>
        </test-method> <!-- init -->
        <test-method signature="homePagevalidation()[pri:0, instance:ANZ_HOME1@51c668e3]" started-at="2022-05-31T15:16:07 IST" name="homePagevalidation" finished-at="2022-05-31T15:16:49 IST" duration-ms="42766" status="PASS">
          <reporter-output>
          </reporter-output>
        </test-method> <!-- homePagevalidation -->
        <test-method is-config="true" signature="quit()[pri:0, instance:ANZ_HOME1@51c668e3]" started-at="2022-05-31T15:16:49 IST" name="quit" finished-at="2022-05-31T15:16:50 IST" duration-ms="653" status="PASS">
          <reporter-output>
          </reporter-output>
        </test-method> <!-- quit -->
      </class> <!-- ANZ_HOME1 -->
    </test> <!-- Test -->
  </suite> <!-- Suite -->
</testng-results>
